This is pdfTeX, Version 3.141592653-2.6-1.40.25 (TeX Live 2023/Debian) (preloaded format=pdflatex 2026.3.23)  9 APR 2026 12:35
entering extended mode
 restricted \write18 enabled.
 file:line:error style messages enabled.
 %&-line parsing enabled.
**/home/federico/Documents/Tecnologie-e-linguaggi-per-il-Web/Appunti/Appunti.tex
(/home/federico/Documents/Tecnologie-e-linguaggi-per-il-Web/Appunti/Appunti.tex
LaTeX2e <2023-11-01> patch level 1
L3 programming layer <2024-01-22>
(/usr/share/texlive/texmf-dist/tex/latex/base/article.cls
Document Class: article 2023/05/17 v1.4n Standard LaTeX document class
(/usr/share/texlive/texmf-dist/tex/latex/base/size10.clo
File: size10.clo 2023/05/17 v1.4n Standard LaTeX file (size option)
)
\c@part=\count187
\c@section=\count188
\c@subsection=\count189
\c@subsubsection=\count190
\c@paragraph=\count191
\c@subparagraph=\count192
\c@figure=\count193
\c@table=\count194
\abovecaptionskip=\skip48
\belowcaptionskip=\skip49
\bibindent=\dimen140
) (/usr/share/texlive/texmf-dist/tex/latex/geometry/geometry.sty
Package: geometry 2020/01/02 v5.9 Page Geometry
 (/usr/share/texlive/texmf-dist/tex/latex/graphics/keyval.sty
Package: keyval 2022/05/29 v1.15 key=value parser (DPC)
\KV@toks@=\toks17
) (/usr/share/texlive/texmf-dist/tex/generic/iftex/ifvtex.sty
Package: ifvtex 2019/10/25 v1.7 ifvtex legacy package. Use iftex instead.
 (/usr/share/texlive/texmf-dist/tex/generic/iftex/iftex.sty
Package: iftex 2022/02/03 v1.0f TeX engine tests
))
\Gm@cnth=\count195
\Gm@cntv=\count196
\c@Gm@tempcnt=\count197
\Gm@bindingoffset=\dimen141
\Gm@wd@mp=\dimen142
\Gm@odd@mp=\dimen143
\Gm@even@mp=\dimen144
\Gm@layoutwidth=\dimen145
\Gm@layoutheight=\dimen146
\Gm@layouthoffset=\dimen147
\Gm@layoutvoffset=\dimen148
\Gm@dimlist=\toks18
) (/usr/share/texlive/texmf-dist/tex/latex/graphics/graphicx.sty
Package: graphicx 2021/09/16 v1.2d Enhanced LaTeX Graphics (DPC,SPQR)
 (/usr/share/texlive/texmf-dist/tex/latex/graphics/graphics.sty
Package: graphics 2022/03/10 v1.4e Standard LaTeX Graphics (DPC,SPQR)
 (/usr/share/texlive/texmf-dist/tex/latex/graphics/trig.sty
Package: trig 2021/08/11 v1.11 sin cos tan (DPC)
) (/usr/share/texlive/texmf-dist/tex/latex/graphics-cfg/graphics.cfg
File: graphics.cfg 2016/06/04 v1.11 sample graphics configuration
)
Package graphics Info: Driver file: pdftex.def on input line 107.
 (/usr/share/texlive/texmf-dist/tex/latex/graphics-def/pdftex.def
File: pdftex.def 2022/09/22 v1.2b Graphics/color driver for pdftex
))
\Gin@req@height=\dimen149
\Gin@req@width=\dimen150
) (/usr/share/texlive/texmf-dist/tex/latex/float/float.sty
Package: float 2001/11/08 v1.3d Float enhancements (AL)
\c@float@type=\count198
\float@exts=\toks19
\float@box=\box51
\@float@everytoks=\toks20
\@floatcapt=\box52
) (/usr/share/texlive/texmf-dist/tex/latex/amsfonts/amsfonts.sty
Package: amsfonts 2013/01/14 v3.01 Basic AMSFonts support
\@emptytoks=\toks21
\symAMSa=\mathgroup4
\symAMSb=\mathgroup5
LaTeX Font Info:    Redeclaring math symbol \hbar on input line 98.
LaTeX Font Info:    Overwriting math alphabet `\mathfrak' in version `bold'
(Font)                  U/euf/m/n --> U/euf/b/n on input line 106.
) (/usr/share/texlive/texmf-dist/tex/latex/amsmath/amsmath.sty
Package: amsmath 2023/05/13 v2.17o AMS math features
\@mathmargin=\skip50

For additional information on amsmath, use the `?' option.
(/usr/share/texlive/texmf-dist/tex/latex/amsmath/amstext.sty
Package: amstext 2021/08/26 v2.01 AMS text
 (/usr/share/texlive/texmf-dist/tex/latex/amsmath/amsgen.sty
File: amsgen.sty 1999/11/30 v2.0 generic functions
\@emptytoks=\toks22
\ex@=\dimen151
)) (/usr/share/texlive/texmf-dist/tex/latex/amsmath/amsbsy.sty
Package: amsbsy 1999/11/29 v1.2d Bold Symbols
\pmbraise@=\dimen152
) (/usr/share/texlive/texmf-dist/tex/latex/amsmath/amsopn.sty
Package: amsopn 2022/04/08 v2.04 operator names
)
\inf@bad=\count199
LaTeX Info: Redefining \frac on input line 234.
\uproot@=\count266
\leftroot@=\count267
LaTeX Info: Redefining \overline on input line 399.
LaTeX Info: Redefining \colon on input line 410.
\classnum@=\count268
\DOTSCASE@=\count269
LaTeX Info: Redefining \ldots on input line 496.
LaTeX Info: Redefining \dots on input line 499.
LaTeX Info: Redefining \cdots on input line 620.
\Mathstrutbox@=\box53
\strutbox@=\box54
LaTeX Info: Redefining \big on input line 722.
LaTeX Info: Redefining \Big on input line 723.
LaTeX Info: Redefining \bigg on input line 724.
LaTeX Info: Redefining \Bigg on input line 725.
\big@size=\dimen153
LaTeX Font Info:    Redeclaring font encoding OML on input line 743.
LaTeX Font Info:    Redeclaring font encoding OMS on input line 744.
\macc@depth=\count270
LaTeX Info: Redefining \bmod on input line 905.
LaTeX Info: Redefining \pmod on input line 910.
LaTeX Info: Redefining \smash on input line 940.
LaTeX Info: Redefining \relbar on input line 970.
LaTeX Info: Redefining \Relbar on input line 971.
\c@MaxMatrixCols=\count271
\dotsspace@=\muskip16
\c@parentequation=\count272
\dspbrk@lvl=\count273
\tag@help=\toks23
\row@=\count274
\column@=\count275
\maxfields@=\count276
\andhelp@=\toks24
\eqnshift@=\dimen154
\alignsep@=\dimen155
\tagshift@=\dimen156
\tagwidth@=\dimen157
\totwidth@=\dimen158
\lineht@=\dimen159
\@envbody=\toks25
\multlinegap=\skip51
\multlinetaggap=\skip52
\mathdisplay@stack=\toks26
LaTeX Info: Redefining \[ on input line 2953.
LaTeX Info: Redefining \] on input line 2954.
) (/usr/share/texlive/texmf-dist/tex/latex/listings/listings.sty
\lst@mode=\count277
\lst@gtempboxa=\box55
\lst@token=\toks27
\lst@length=\count278
\lst@currlwidth=\dimen160
\lst@column=\count279
\lst@pos=\count280
\lst@lostspace=\dimen161
\lst@width=\dimen162
\lst@newlines=\count281
\lst@lineno=\count282
\lst@maxwidth=\dimen163
 (/usr/share/texlive/texmf-dist/tex/latex/listings/lstmisc.sty
File: lstmisc.sty 2023/02/27 1.9 (Carsten Heinz)
\c@lstnumber=\count283
\lst@skipnumbers=\count284
\lst@framebox=\box56
) (/usr/share/texlive/texmf-dist/tex/latex/listings/listings.cfg
File: listings.cfg 2023/02/27 1.9 listings configuration
))
Package: listings 2023/02/27 1.9 (Carsten Heinz)
 (/usr/share/texlive/texmf-dist/tex/latex/xcolor/xcolor.sty
Package: xcolor 2023/11/15 v3.01 LaTeX color extensions (UK)
 (/usr/share/texlive/texmf-dist/tex/latex/graphics-cfg/color.cfg
File: color.cfg 2016/01/02 v1.6 sample color configuration
)
Package xcolor Info: Driver file: pdftex.def on input line 274.
 (/usr/share/texlive/texmf-dist/tex/latex/graphics/mathcolor.ltx)
Package xcolor Info: Model `cmy' substituted by `cmy0' on input line 1350.
Package xcolor Info: Model `hsb' substituted by `rgb' on input line 1354.
Package xcolor Info: Model `RGB' extended on input line 1366.
Package xcolor Info: Model `HTML' substituted by `rgb' on input line 1368.
Package xcolor Info: Model `Hsb' substituted by `hsb' on input line 1369.
Package xcolor Info: Model `tHsb' substituted by `hsb' on input line 1370.
Package xcolor Info: Model `HSB' substituted by `hsb' on input line 1371.
Package xcolor Info: Model `Gray' substituted by `gray' on input line 1372.
Package xcolor Info: Model `wave' substituted by `hsb' on input line 1373.
) (/usr/share/texlive/texmf-dist/tex/latex/graphics/dvipsnam.def
File: dvipsnam.def 2016/06/17 v3.0m Driver-dependent file (DPC,SPQR)
) (/usr/share/texlive/texmf-dist/tex/generic/ulem/ulem.sty
\UL@box=\box57
\UL@hyphenbox=\box58
\UL@skip=\skip53
\UL@hook=\toks28
\UL@height=\dimen164
\UL@pe=\count285
\UL@pixel=\dimen165
\ULC@box=\box59
Package: ulem 2019/11/18
\ULdepth=\dimen166
) (/usr/share/texlive/texmf-dist/tex/latex/hyperref/hyperref.sty
Package: hyperref 2024-01-20 v7.01h Hypertext links for LaTeX
 (/usr/share/texlive/texmf-dist/tex/latex/kvsetkeys/kvsetkeys.sty
Package: kvsetkeys 2022-10-05 v1.19 Key value parser (HO)
) (/usr/share/texlive/texmf-dist/tex/generic/kvdefinekeys/kvdefinekeys.sty
Package: kvdefinekeys 2019-12-19 v1.6 Define keys (HO)
) (/usr/share/texlive/texmf-dist/tex/generic/pdfescape/pdfescape.sty
Package: pdfescape 2019/12/09 v1.15 Implements pdfTeX's escape features (HO)
 (/usr/share/texlive/texmf-dist/tex/generic/ltxcmds/ltxcmds.sty
Package: ltxcmds 2023-12-04 v1.26 LaTeX kernel commands for general use (HO)
) (/usr/share/texlive/texmf-dist/tex/generic/pdftexcmds/pdftexcmds.sty
Package: pdftexcmds 2020-06-27 v0.33 Utility functions of pdfTeX for LuaTeX (HO)
 (/usr/share/texlive/texmf-dist/tex/generic/infwarerr/infwarerr.sty
Package: infwarerr 2019/12/03 v1.5 Providing info/warning/error messages (HO)
)
Package pdftexcmds Info: \pdf@primitive is available.
Package pdftexcmds Info: \pdf@ifprimitive is available.
Package pdftexcmds Info: \pdfdraftmode found.
)) (/usr/share/texlive/texmf-dist/tex/latex/hycolor/hycolor.sty
Package: hycolor 2020-01-27 v1.10 Color options for hyperref/bookmark (HO)
) (/usr/share/texlive/texmf-dist/tex/latex/auxhook/auxhook.sty
Package: auxhook 2019-12-17 v1.6 Hooks for auxiliary files (HO)
) (/usr/share/texlive/texmf-dist/tex/latex/hyperref/nameref.sty
Package: nameref 2023-11-26 v2.56 Cross-referencing by name of section
 (/usr/share/texlive/texmf-dist/tex/latex/refcount/refcount.sty
Package: refcount 2019/12/15 v3.6 Data extraction from label references (HO)
) (/usr/share/texlive/texmf-dist/tex/generic/gettitlestring/gettitlestring.sty
Package: gettitlestring 2019/12/15 v1.6 Cleanup title references (HO)
 (/usr/share/texlive/texmf-dist/tex/latex/kvoptions/kvoptions.sty
Package: kvoptions 2022-06-15 v3.15 Key value format for package options (HO)
))
\c@section@level=\count286
) (/usr/share/texlive/texmf-dist/tex/latex/etoolbox/etoolbox.sty
Package: etoolbox 2020/10/05 v2.5k e-TeX tools for LaTeX (JAW)
\etb@tempcnta=\count287
)
\@linkdim=\dimen167
\Hy@linkcounter=\count288
\Hy@pagecounter=\count289
 (/usr/share/texlive/texmf-dist/tex/latex/hyperref/pd1enc.def
File: pd1enc.def 2024-01-20 v7.01h Hyperref: PDFDocEncoding definition (HO)
Now handling font encoding PD1 ...
... no UTF-8 mapping file for font encoding PD1
) (/usr/share/texlive/texmf-dist/tex/generic/intcalc/intcalc.sty
Package: intcalc 2019/12/15 v1.3 Expandable calculations with integers (HO)
)
\Hy@SavedSpaceFactor=\count290
 (/usr/share/texlive/texmf-dist/tex/latex/hyperref/puenc.def
File: puenc.def 2024-01-20 v7.01h Hyperref: PDF Unicode definition (HO)
Now handling font encoding PU ...
... no UTF-8 mapping file for font encoding PU
)
Package hyperref Info: Hyper figures OFF on input line 4179.
Package hyperref Info: Link nesting OFF on input line 4184.
Package hyperref Info: Hyper index ON on input line 4187.
Package hyperref Info: Plain pages OFF on input line 4194.
Package hyperref Info: Backreferencing OFF on input line 4199.
Package hyperref Info: Implicit mode ON; LaTeX internals redefined.
Package hyperref Info: Bookmarks ON on input line 4446.
\c@Hy@tempcnt=\count291
 (/usr/share/texlive/texmf-dist/tex/latex/url/url.sty
\Urlmuskip=\muskip17
Package: url 2013/09/16  ver 3.4  Verb mode for urls, etc.
)
LaTeX Info: Redefining \url on input line 4784.
\XeTeXLinkMargin=\dimen168
 (/usr/share/texlive/texmf-dist/tex/generic/bitset/bitset.sty
Package: bitset 2019/12/09 v1.3 Handle bit-vector datatype (HO)
 (/usr/share/texlive/texmf-dist/tex/generic/bigintcalc/bigintcalc.sty
Package: bigintcalc 2019/12/15 v1.5 Expandable calculations on big integers (HO)
))
\Fld@menulength=\count292
\Field@Width=\dimen169
\Fld@charsize=\dimen170
Package hyperref Info: Hyper figures OFF on input line 6063.
Package hyperref Info: Link nesting OFF on input line 6068.
Package hyperref Info: Hyper index ON on input line 6071.
Package hyperref Info: backreferencing OFF on input line 6078.
Package hyperref Info: Link coloring OFF on input line 6083.
Package hyperref Info: Link coloring with OCG OFF on input line 6088.
Package hyperref Info: PDF/A mode OFF on input line 6093.
 (/usr/share/texlive/texmf-dist/tex/latex/base/atbegshi-ltx.sty
Package: atbegshi-ltx 2021/01/10 v1.0c Emulation of the original atbegshi
package with kernel methods
)
\Hy@abspage=\count293
\c@Item=\count294
\c@Hfootnote=\count295
)
Package hyperref Info: Driver (autodetected): hpdftex.
 (/usr/share/texlive/texmf-dist/tex/latex/hyperref/hpdftex.def
File: hpdftex.def 2024-01-20 v7.01h Hyperref driver for pdfTeX
 (/usr/share/texlive/texmf-dist/tex/latex/base/atveryend-ltx.sty
Package: atveryend-ltx 2020/08/19 v1.0a Emulation of the original atveryend package
with kernel methods
)
\Fld@listcount=\count296
\c@bookmark@seq@number=\count297
 (/usr/share/texlive/texmf-dist/tex/latex/rerunfilecheck/rerunfilecheck.sty
Package: rerunfilecheck 2022-07-10 v1.10 Rerun checks for auxiliary files (HO)
 (/usr/share/texlive/texmf-dist/tex/generic/uniquecounter/uniquecounter.sty
Package: uniquecounter 2019/12/15 v1.4 Provide unlimited unique counter (HO)
)
Package uniquecounter Info: New unique counter `rerunfilecheck' on input line 285.
)
\Hy@SectionHShift=\skip54
) (/usr/share/texlive/texmf-dist/tex/latex/l3backend/l3backend-pdftex.def
File: l3backend-pdftex.def 2024-01-04 L3 backend support: PDF output (pdfTeX)
\l__color_backend_stack_int=\count298
\l__pdf_internal_box=\box60
) (./Appunti.aux)
\openout1 = `Appunti.aux'.

LaTeX Font Info:    Checking defaults for OML/cmm/m/it on input line 36.
LaTeX Font Info:    ... okay on input line 36.
LaTeX Font Info:    Checking defaults for OMS/cmsy/m/n on input line 36.
LaTeX Font Info:    ... okay on input line 36.
LaTeX Font Info:    Checking defaults for OT1/cmr/m/n on input line 36.
LaTeX Font Info:    ... okay on input line 36.
LaTeX Font Info:    Checking defaults for T1/cmr/m/n on input line 36.
LaTeX Font Info:    ... okay on input line 36.
LaTeX Font Info:    Checking defaults for TS1/cmr/m/n on input line 36.
LaTeX Font Info:    ... okay on input line 36.
LaTeX Font Info:    Checking defaults for OMX/cmex/m/n on input line 36.
LaTeX Font Info:    ... okay on input line 36.
LaTeX Font Info:    Checking defaults for U/cmr/m/n on input line 36.
LaTeX Font Info:    ... okay on input line 36.
LaTeX Font Info:    Checking defaults for PD1/pdf/m/n on input line 36.
LaTeX Font Info:    ... okay on input line 36.
LaTeX Font Info:    Checking defaults for PU/pdf/m/n on input line 36.
LaTeX Font Info:    ... okay on input line 36.

*geometry* driver: auto-detecting
*geometry* detected driver: pdftex
*geometry* verbose mode - [ preamble ] result:
* driver: pdftex
* paper: a4paper
* layout: <same size as paper>
* layoutoffset:(h,v)=(0.0pt,0.0pt)
* modes: 
* h-part:(L,W,R)=(71.13188pt, 455.24411pt, 71.13188pt)
* v-part:(T,H,B)=(56.9055pt, 731.23584pt, 56.9055pt)
* \paperwidth=597.50787pt
* \paperheight=845.04684pt
* \textwidth=455.24411pt
* \textheight=731.23584pt
* \oddsidemargin=-1.1381pt
* \evensidemargin=-1.1381pt
* \topmargin=-52.36449pt
* \headheight=12.0pt
* \headsep=25.0pt
* \topskip=10.0pt
* \footskip=30.0pt
* \marginparwidth=65.0pt
* \marginparsep=11.0pt
* \columnsep=10.0pt
* \skip\footins=9.0pt plus 4.0pt minus 2.0pt
* \hoffset=0.0pt
* \voffset=0.0pt
* \mag=1000
* \@twocolumnfalse
* \@twosidefalse
* \@mparswitchfalse
* \@reversemarginfalse
* (1in=72.27pt=25.4mm, 1cm=28.453pt)

(/usr/share/texlive/texmf-dist/tex/context/base/mkii/supp-pdf.mkii
[Loading MPS to PDF converter (version 2006.09.02).]
\scratchcounter=\count299
\scratchdimen=\dimen171
\scratchbox=\box61
\nofMPsegments=\count300
\nofMParguments=\count301
\everyMPshowfont=\toks29
\MPscratchCnt=\count302
\MPscratchDim=\dimen172
\MPnumerator=\count303
\makeMPintoPDFobject=\count304
\everyMPtoPDFconversion=\toks30
) (/usr/share/texlive/texmf-dist/tex/latex/epstopdf-pkg/epstopdf-base.sty
Package: epstopdf-base 2020-01-24 v2.11 Base part for package epstopdf
Package epstopdf-base Info: Redefining graphics rule for `.eps' on input line 485.
 (/usr/share/texlive/texmf-dist/tex/latex/latexconfig/epstopdf-sys.cfg
File: epstopdf-sys.cfg 2010/07/13 v1.3 Configuration of (r)epstopdf for TeX Live
))
\c@lstlisting=\count305
Package hyperref Info: Link coloring OFF on input line 36.
 (./Appunti.out) (./Appunti.out)
\@outlinefile=\write3
\openout3 = `Appunti.out'.

LaTeX Font Info:    Trying to load font information for U+msa on input line 39.
 (/usr/share/texlive/texmf-dist/tex/latex/amsfonts/umsa.fd
File: umsa.fd 2013/01/14 v3.01 AMS symbols A
)
LaTeX Font Info:    Trying to load font information for U+msb on input line 39.
 (/usr/share/texlive/texmf-dist/tex/latex/amsfonts/umsb.fd
File: umsb.fd 2013/01/14 v3.01 AMS symbols B
) (./Appunti.toc [1

{/var/lib/texmf/fonts/map/pdftex/updmap/pdftex.map}])
\tf@toc=\write4
\openout4 = `Appunti.toc'.

 [2]
<Images/bus_lineare.png, id=422, 1154.3125pt x 327.2225pt>
File: Images/bus_lineare.png Graphic file (type png)
<use Images/bus_lineare.png>
Package pdftex.def Info: Images/bus_lineare.png  used on input line 49.
(pdftex.def)             Requested size: 182.09486pt x 51.61769pt.
<Images/bus_stella.png, id=423, 825.0825pt x 660.4675pt>
File: Images/bus_stella.png Graphic file (type png)
<use Images/bus_stella.png>
Package pdftex.def Info: Images/bus_stella.png  used on input line 54.
(pdftex.def)             Requested size: 182.09486pt x 145.7568pt.
<Images/centralizzata.png, id=424, 2135.98pt x 867.24pt>
File: Images/centralizzata.png Graphic file (type png)
<use Images/centralizzata.png>
Package pdftex.def Info: Images/centralizzata.png  used on input line 59.
(pdftex.def)             Requested size: 455.24411pt x 184.8253pt.
 [3 <./Images/bus_lineare.png> <./Images/bus_stella.png> <./Images/centralizzata.png>]
<Images/protocollo.png, id=430, 1224.575pt x 612.2875pt>
File: Images/protocollo.png Graphic file (type png)
<use Images/protocollo.png>
Package pdftex.def Info: Images/protocollo.png  used on input line 90.
(pdftex.def)             Requested size: 227.62206pt x 113.80394pt.
<Images/protocollo2.png, id=431, 1276.77pt x 471.7625pt>
File: Images/protocollo2.png Graphic file (type png)
<use Images/protocollo2.png>
Package pdftex.def Info: Images/protocollo2.png  used on input line 98.
(pdftex.def)             Requested size: 227.62206pt x 84.10014pt.
<Images/protocollo3.png, id=432, 1218.5525pt x 560.0925pt>
File: Images/protocollo3.png Graphic file (type png)
<use Images/protocollo3.png>
Package pdftex.def Info: Images/protocollo3.png  used on input line 105.
(pdftex.def)             Requested size: 455.24411pt x 209.24791pt.
 [4 <./Images/protocollo.png> <./Images/protocollo2.png>]
<Images/protocollo4.png, id=438, 1230.5975pt x 556.0775pt>
File: Images/protocollo4.png Graphic file (type png)
<use Images/protocollo4.png>
Package pdftex.def Info: Images/protocollo4.png  used on input line 111.
(pdftex.def)             Requested size: 227.62206pt x 102.85574pt.
<Images/protocollo5.png, id=439, 951.555pt x 260.975pt>
File: Images/protocollo5.png Graphic file (type png)
<use Images/protocollo5.png>
Package pdftex.def Info: Images/protocollo5.png  used on input line 122.
(pdftex.def)             Requested size: 227.62206pt x 62.4282pt.
<Images/protocollo6.png, id=440, 1770.615pt x 768.8725pt>
File: Images/protocollo6.png Graphic file (type png)
<use Images/protocollo6.png>
Package pdftex.def Info: Images/protocollo6.png  used on input line 127.
(pdftex.def)             Requested size: 227.62206pt x 98.84238pt.
 [5 <./Images/protocollo3.png> <./Images/protocollo4.png> <./Images/protocollo5.png> <./Images/protocollo6.png>]
<Images/browser.png, id=445, 501.875pt x 340.27126pt>
File: Images/browser.png Graphic file (type png)
<use Images/browser.png>
Package pdftex.def Info: Images/browser.png  used on input line 159.
(pdftex.def)             Requested size: 227.62206pt x 154.3304pt.
 [6 <./Images/browser.png>]
Overfull \hbox (7.12193pt too wide) in paragraph at lines 181--183
[]\OT1/cmr/bx/n/10 Riga di in-tes-tazione\OT1/cmr/m/n/10 : \OT1/cmtt/m/n/10 <!DOCTYPE HTML PUBLIC "-//W3C//DTD HTML 4.01 Transitional//IT">\OT1/cmr/m/n/10 .
 []

LaTeX Font Info:    Font shape `OT1/cmtt/bx/n' in size <10> not available
(Font)              Font shape `OT1/cmtt/m/n' tried instead on input line 183.
(/usr/share/texlive/texmf-dist/tex/latex/listings/lstlang1.sty
File: lstlang1.sty 2023/02/27 1.9 listings language file
) (/usr/share/texlive/texmf-dist/tex/latex/listings/lstmisc.sty
File: lstmisc.sty 2023/02/27 1.9 (Carsten Heinz)
)
LaTeX Font Info:    Trying to load font information for OML+cmr on input line 185.
 (/usr/share/texlive/texmf-dist/tex/latex/base/omlcmr.fd
File: omlcmr.fd 2023/04/13 v2.5m Standard LaTeX font definitions
)
LaTeX Font Info:    Font shape `OML/cmr/m/n' in size <10> not available
(Font)              Font shape `OML/cmm/m/it' tried instead on input line 185.
 [7]
LaTeX Font Info:    Font shape `OT1/cmtt/bx/n' in size <12> not available
(Font)              Font shape `OT1/cmtt/m/n' tried instead on input line 214.
 [8]
Underfull \hbox (badness 10000) in paragraph at lines 306--311

 []

[9]
<Images/div.png, id=502, 3105.6025pt x 1232.605pt>
File: Images/div.png Graphic file (type png)
<use Images/div.png>
Package pdftex.def Info: Images/div.png  used on input line 331.
(pdftex.def)             Requested size: 455.24411pt x 180.66977pt.
 [10 <./Images/div.png>] [11] [12] [13] [14] [15] [16] [17] [18] [19]
<Images/container.png, id=765, 2234.3475pt x 313.17pt>
File: Images/container.png Graphic file (type png)
<use Images/container.png>
Package pdftex.def Info: Images/container.png  used on input line 790.
(pdftex.def)             Requested size: 455.24411pt x 63.80841pt.
 [20 <./Images/container.png>]
<Images/grid_system.png, id=789, 1078.0275pt x 315.1775pt>
File: Images/grid_system.png Graphic file (type png)
<use Images/grid_system.png>
Package pdftex.def Info: Images/grid_system.png  used on input line 807.
(pdftex.def)             Requested size: 455.24411pt x 133.09984pt.
<Images/grid_system2.png, id=790, 1084.05pt x 222.8325pt>
File: Images/grid_system2.png Graphic file (type png)
<use Images/grid_system2.png>
Package pdftex.def Info: Images/grid_system2.png  used on input line 812.
(pdftex.def)             Requested size: 455.24411pt x 93.57881pt.
<Images/grid_system3.png, id=791, 1130.2225pt x 329.23pt>
File: Images/grid_system3.png Graphic file (type png)
<use Images/grid_system3.png>
Package pdftex.def Info: Images/grid_system3.png  used on input line 817.
(pdftex.def)             Requested size: 455.24411pt x 132.60898pt.
 [21 <./Images/grid_system.png> <./Images/grid_system2.png> <./Images/grid_system3.png>]
<Images/nuovo_flexbox.png, id=802, 1284.8pt x 435.6275pt>
File: Images/nuovo_flexbox.png Graphic file (type png)
<use Images/nuovo_flexbox.png>
Package pdftex.def Info: Images/nuovo_flexbox.png  used on input line 839.
(pdftex.def)             Requested size: 455.24411pt x 154.35304pt.
<Images/nuovo_flexbox2.png, id=803, 1270.7475pt x 291.0875pt>
File: Images/nuovo_flexbox2.png Graphic file (type png)
<use Images/nuovo_flexbox2.png>
Package pdftex.def Info: Images/nuovo_flexbox2.png  used on input line 844.
(pdftex.def)             Requested size: 455.24411pt x 104.28062pt.
<Images/nuovo_flexbox3.png, id=804, 1202.4925pt x 399.4925pt>
File: Images/nuovo_flexbox3.png Graphic file (type png)
<use Images/nuovo_flexbox3.png>
Package pdftex.def Info: Images/nuovo_flexbox3.png  used on input line 849.
(pdftex.def)             Requested size: 455.24411pt x 151.24182pt.
<Images/nuovo_flexbox4.png, id=805, 1168.365pt x 192.72pt>
File: Images/nuovo_flexbox4.png Graphic file (type png)
<use Images/nuovo_flexbox4.png>
Package pdftex.def Info: Images/nuovo_flexbox4.png  used on input line 854.
(pdftex.def)             Requested size: 455.24411pt x 75.09285pt.
 [22 <./Images/nuovo_flexbox.png> <./Images/nuovo_flexbox2.png> <./Images/nuovo_flexbox3.png> <./Images/nuovo_flexbox4.png>] [23] [24]
<Images/sass.png, id=836, 513.92pt x 568.1225pt>
File: Images/sass.png Graphic file (type png)
<use Images/sass.png>
Package pdftex.def Info: Images/sass.png  used on input line 967.
(pdftex.def)             Requested size: 113.81102pt x 125.81087pt.
 [25 <./Images/sass.png>]
<Images/nesting.png, id=842, 1088.065pt x 439.6425pt>
File: Images/nesting.png Graphic file (type png)
<use Images/nesting.png>
Package pdftex.def Info: Images/nesting.png  used on input line 985.
(pdftex.def)             Requested size: 341.43307pt x 137.95815pt.
<Images/nesting2.png, id=843, 1041.8925pt x 445.665pt>
File: Images/nesting2.png Graphic file (type png)
<use Images/nesting2.png>
Package pdftex.def Info: Images/nesting2.png  used on input line 990.
(pdftex.def)             Requested size: 341.43307pt x 146.04306pt.
 [26 <./Images/nesting.png> <./Images/nesting2.png>]
<Images/nesting3.png, id=848, 833.1125pt x 303.1325pt>
File: Images/nesting3.png Graphic file (type png)
<use Images/nesting3.png>
Package pdftex.def Info: Images/nesting3.png  used on input line 996.
(pdftex.def)             Requested size: 341.43307pt x 124.23424pt.
<Images/colori.png, id=849, 1092.08pt x 429.605pt>
File: Images/colori.png Graphic file (type png)
<use Images/colori.png>
Package pdftex.def Info: Images/colori.png  used on input line 1009.
(pdftex.def)             Requested size: 341.43307pt x 134.31023pt.
 [27 <./Images/nesting3.png> <./Images/colori.png>] [28] (./Appunti.aux)
 ***********
LaTeX2e <2023-11-01> patch level 1
L3 programming layer <2024-01-22>
 ***********
Package rerunfilecheck Info: File `Appunti.out' has not changed.
(rerunfilecheck)             Checksum: E60C8303DC14A9F6BADE182AA34B374A;11964.
 ) 
Here is how much of TeX's memory you used:
 12875 strings out of 476171
 194295 string characters out of 5795119
 2100975 words of memory out of 5000000
 34324 multiletter control sequences out of 15000+600000
 567522 words of font info for 74 fonts, out of 8000000 for 9000
 14 hyphenation exceptions out of 8191
 75i,7n,79p,623b,1592s stack positions out of 10000i,1000n,20000p,200000b,200000s
 </home/federico/.texlive2023/texmf-var/fonts/pk/ljfour/jknappen/ec/tcrm1000.600pk></usr/share/texlive/texmf-dist/fonts/type1/public/amsfonts/cm/cmbx10.pfb></usr/share/texlive/texmf-dist/fonts/type1/public/amsfonts/cm/cmbx12.pfb></usr/share/texlive/texmf-dist/fonts/type1/public/amsfonts/cm/cmmi10.pfb></usr/share/texlive/texmf-dist/fonts/type1/public/amsfonts/cm/cmr10.pfb></usr/share/texlive/texmf-dist/fonts/type1/public/amsfonts/cm/cmr12.pfb></usr/share/texlive/texmf-dist/fonts/type1/public/amsfonts/cm/cmr17.pfb></usr/share/texlive/texmf-dist/fonts/type1/public/amsfonts/cm/cmr5.pfb></usr/share/texlive/texmf-dist/fonts/type1/public/amsfonts/cm/cmr7.pfb></usr/share/texlive/texmf-dist/fonts/type1/public/amsfonts/cm/cmti10.pfb></usr/share/texlive/texmf-dist/fonts/type1/public/amsfonts/cm/cmtt10.pfb></usr/share/texlive/texmf-dist/fonts/type1/public/amsfonts/cm/cmtt12.pfb></usr/share/texlive/texmf-dist/fonts/type1/public/amsfonts/cm/cmtt9.pfb>
Output written on Appunti.pdf (28 pages, 1901206 bytes).
PDF statistics:
 1000 PDF objects out of 1000 (max. 8388607)
 910 compressed objects within 10 object streams
 400 named destinations out of 1000 (max. 500000)
 761 words of extra memory for PDF output out of 10000 (max. 10000000)

