\BOOKMARK [1][-]{section.1}{\376\377\000N\000e\000t\000w\000o\000r\000k\000i\000n\000g}{}% 1
\BOOKMARK [2][-]{subsection.1.1}{\376\377\000T\000o\000p\000o\000l\000o\000g\000i\000e}{section.1}% 2
\BOOKMARK [2][-]{subsection.1.2}{\376\377\000S\000t\000a\000n\000d\000a\000r\000d}{section.1}% 3
\BOOKMARK [3][-]{subsubsection.1.2.1}{\376\377\000S\000t\000a\000n\000d\000a\000r\000d\000\040\000I\000S\000O\000-\000O\000S\000I}{subsection.1.2}% 4
\BOOKMARK [2][-]{subsection.1.3}{\376\377\000P\000r\000o\000t\000o\000c\000o\000l\000l\000o}{section.1}% 5
\BOOKMARK [1][-]{section.2}{\376\377\000H\000T\000M\000L}{}% 6
\BOOKMARK [2][-]{subsection.2.1}{\376\377\000L\000i\000n\000g\000u\000a\000g\000g\000i\000o\000\040\000d\000i\000\040\000m\000a\000r\000k\000u\000p}{section.2}% 7
\BOOKMARK [2][-]{subsection.2.2}{\376\377\000H\000y\000p\000e\000r\000T\000e\000x\000t\000\040\000M\000a\000r\000k\000u\000p\000\040\000L\000a\000n\000g\000u\000a\000g\000e}{section.2}% 8
\BOOKMARK [2][-]{subsection.2.3}{\376\377\000B\000r\000o\000w\000s\000e\000r}{section.2}% 9
\BOOKMARK [2][-]{subsection.2.4}{\376\377\000S\000t\000r\000u\000t\000t\000u\000r\000a\000\040\000d\000e\000l\000l\000a\000\040\000p\000a\000g\000i\000n\000a\000\040\000H\000T\000M\000L}{section.2}% 10
\BOOKMARK [3][-]{subsubsection.2.4.1}{\376\377\000T\000a\000g}{subsection.2.4}% 11
\BOOKMARK [2][-]{subsection.2.5}{\376\377\000S\000t\000r\000u\000t\000t\000u\000r\000a\000\040\000d\000e\000l\000l\000a\000\040\000p\000a\000g\000i\000n\000a}{section.2}% 12
\BOOKMARK [3][-]{subsubsection.2.5.1}{\376\377\000T\000e\000s\000t\000a}{subsection.2.5}% 13
\BOOKMARK [3][-]{subsubsection.2.5.2}{\376\377\000C\000o\000r\000p\000o}{subsection.2.5}% 14
\BOOKMARK [2][-]{subsection.2.6}{\376\377\000I\000d\000e\000n\000t\000a\000z\000i\000o\000n\000e}{section.2}% 15
\BOOKMARK [2][-]{subsection.2.7}{\376\377\000A\000n\000n\000i\000d\000a\000m\000e\000n\000t\000o}{section.2}% 16
\BOOKMARK [2][-]{subsection.2.8}{\376\377\000C\000o\000m\000m\000e\000n\000t\000i}{section.2}% 17
\BOOKMARK [2][-]{subsection.2.9}{\376\377\000M\000a\000i\000o\000s\000c\000o\000l\000o\000\040\000o\000\040\000m\000i\000n\000u\000s\000c\000o\000l\000o}{section.2}% 18
\BOOKMARK [2][-]{subsection.2.10}{\376\377\000T\000e\000s\000t\000a\000\040\000\050\000<\000h\000e\000a\000d\000>\000\051}{section.2}% 19
\BOOKMARK [3][-]{subsubsection.2.10.1}{\376\377\000T\000i\000t\000o\000l\000o}{subsection.2.10}% 20
\BOOKMARK [3][-]{subsubsection.2.10.2}{\376\377\000M\000e\000t\000a\000d\000a\000t\000i}{subsection.2.10}% 21
\BOOKMARK [3][-]{subsubsection.2.10.3}{\376\377\000M\000e\000t\000a\000\040\000T\000a\000g\000\040\000-\000\040\000K\000e\000y\000w\000o\000r\000d\000s}{subsection.2.10}% 22
\BOOKMARK [3][-]{subsubsection.2.10.4}{\376\377\000A\000t\000t\000r\000i\000b\000u\000t\000o\000\040\000H\000T\000T\000P\000-\000E\000Q\000U\000I\000V}{subsection.2.10}% 23
\BOOKMARK [2][-]{subsection.2.11}{\376\377\000C\000o\000r\000p\000o\000\040\000\050\000<\000b\000o\000d\000y\000>\000\051}{section.2}% 24
\BOOKMARK [2][-]{subsection.2.12}{\376\377\000T\000a\000g\000\040\000i\000n\000t\000e\000r\000n\000i\000\040\000a\000l\000\040\000b\000o\000d\000y}{section.2}% 25
\BOOKMARK [3][-]{subsubsection.2.12.1}{\376\377\000E\000l\000e\000m\000e\000n\000t\000i\000\040\000i\000n\000l\000i\000n\000e\000\040\000v\000s\000\040\000b\000l\000o\000c\000k}{subsection.2.12}% 26
\BOOKMARK [3][-]{subsubsection.2.12.2}{\376\377\000T\000e\000s\000t\000o\000\040\000-\000\040\000T\000a\000g\000\040\000p\000r\000e\000d\000e\000f\000i\000n\000i\000t\000i}{subsection.2.12}% 27
\BOOKMARK [3][-]{subsubsection.2.12.3}{\376\377\000S\000t\000r\000u\000t\000t\000u\000r\000a\000\040\000d\000e\000l\000l\000a\000\040\000p\000a\000g\000i\000n\000a\000\040\000c\000o\000n\000\040\000t\000a\000g\000\040\000<\000d\000i\000v\000>}{subsection.2.12}% 28
\BOOKMARK [3][-]{subsubsection.2.12.4}{\376\377\000T\000e\000s\000t\000o\000\040\000-\000\040\000S\000t\000i\000l\000i}{subsection.2.12}% 29
\BOOKMARK [3][-]{subsubsection.2.12.5}{\376\377\000T\000e\000s\000t\000o\000\040\000-\000\040\000F\000o\000n\000t}{subsection.2.12}% 30
\BOOKMARK [3][-]{subsubsection.2.12.6}{\376\377\000E\000l\000e\000n\000c\000h\000i}{subsection.2.12}% 31
\BOOKMARK [2][-]{subsection.2.13}{\376\377\000I\000p\000e\000r\000t\000e\000s\000t\000u\000a\000l\000i\000t\000\340\000\040\000\050\000L\000i\000n\000k\000\051}{section.2}% 32
\BOOKMARK [3][-]{subsubsection.2.13.1}{\376\377\000L\000i\000n\000k}{subsection.2.13}% 33
\BOOKMARK [3][-]{subsubsection.2.13.2}{\376\377\000D\000e\000s\000t\000i\000n\000a\000z\000i\000o\000n\000i}{subsection.2.13}% 34
\BOOKMARK [3][-]{subsubsection.2.13.3}{\376\377\000C\000a\000r\000a\000t\000t\000e\000r\000i\000s\000t\000i\000c\000h\000e\000\040\000d\000e\000i\000\040\000l\000i\000n\000k}{subsection.2.13}% 35
\BOOKMARK [3][-]{subsubsection.2.13.4}{\376\377\000M\000a\000n\000i\000p\000o\000l\000a\000z\000i\000o\000n\000e\000\040\000d\000e\000i\000\040\000l\000i\000n\000k}{subsection.2.13}% 36
\BOOKMARK [3][-]{subsubsection.2.13.5}{\376\377\000P\000e\000r\000c\000o\000r\000s\000i\000\040\000d\000e\000i\000\040\000l\000i\000n\000k}{subsection.2.13}% 37
\BOOKMARK [3][-]{subsubsection.2.13.6}{\376\377\000L\000i\000n\000k\000\040\000i\000n\000t\000e\000r\000n\000i\000\040\000o\000\040\000a\000n\000c\000o\000r\000e}{subsection.2.13}% 38
\BOOKMARK [3][-]{subsubsection.2.13.7}{\376\377\000C\000o\000l\000o\000r\000a\000r\000e\000\040\000i\000\040\000l\000i\000n\000k}{subsection.2.13}% 39
\BOOKMARK [3][-]{subsubsection.2.13.8}{\376\377\000I\000m\000m\000a\000g\000i\000n\000i}{subsection.2.13}% 40
\BOOKMARK [2][-]{subsection.2.14}{\376\377\000T\000a\000b\000e\000l\000l\000e\000\040\000\050\000t\000a\000b\000l\000e\000\051}{section.2}% 41
\BOOKMARK [3][-]{subsubsection.2.14.1}{\376\377\000B\000o\000r\000d\000i}{subsection.2.14}% 42
\BOOKMARK [3][-]{subsubsection.2.14.2}{\376\377\000C\000e\000l\000l\000e\000\040\000c\000o\000l\000l\000a\000s\000s\000a\000t\000e\000\040\000i\000n\000\040\000u\000n\000a\000\040\000r\000i\000g\000a\000/\000c\000o\000l\000o\000n\000n\000a}{subsection.2.14}% 43
\BOOKMARK [2][-]{subsection.2.15}{\376\377\000F\000o\000r\000m}{section.2}% 44
\BOOKMARK [3][-]{subsubsection.2.15.1}{\376\377\000I\000n\000p\000u\000t}{subsection.2.15}% 45
\BOOKMARK [3][-]{subsubsection.2.15.2}{\376\377\000A\000c\000t\000i\000o\000n\000\040\000a\000t\000t\000r\000i\000b\000u\000t\000e}{subsection.2.15}% 46
\BOOKMARK [3][-]{subsubsection.2.15.3}{\376\377\000M\000e\000t\000h\000o\000d\000\040\000a\000t\000t\000r\000i\000b\000u\000t\000e}{subsection.2.15}% 47
\BOOKMARK [3][-]{subsubsection.2.15.4}{\376\377\000N\000a\000m\000e\000\040\000a\000t\000t\000r\000i\000b\000u\000t\000e}{subsection.2.15}% 48
\BOOKMARK [3][-]{subsubsection.2.15.5}{\376\377\000F\000i\000e\000l\000d\000s\000e\000t}{subsection.2.15}% 49
\BOOKMARK [3][-]{subsubsection.2.15.6}{\376\377\000A\000l\000t\000r\000i\000\040\000a\000t\000t\000r\000i\000b\000u\000t\000i}{subsection.2.15}% 50
\BOOKMARK [2][-]{subsection.2.16}{\376\377\000X\000H\000T\000M\000L}{section.2}% 51
\BOOKMARK [1][-]{section.3}{\376\377\000B\000o\000o\000t\000s\000t\000r\000a\000p}{}% 52
\BOOKMARK [2][-]{subsection.3.1}{\376\377\000C\000o\000m\000e\000\040\000o\000t\000t\000e\000n\000e\000r\000e\000\040\000B\000o\000o\000t\000s\000t\000r\000a\000p\000?}{section.3}% 53
\BOOKMARK [3][-]{subsubsection.3.1.1}{\376\377\000C\000D\000N\000\040\000d\000i\000\040\000B\000o\000o\000t\000s\000t\000r\000a\000p}{subsection.3.1}% 54
\BOOKMARK [2][-]{subsection.3.2}{\376\377\000C\000r\000e\000a\000r\000e\000\040\000u\000n\000a\000\040\000p\000a\000g\000i\000n\000a\000\040\000W\000e\000b\000\040\000c\000o\000n\000\040\000B\000o\000o\000t\000s\000t\000r\000a\000p}{section.3}% 55
\BOOKMARK [2][-]{subsection.3.3}{\376\377\000G\000r\000i\000g\000l\000i\000e\000\040\000B\000o\000o\000t\000s\000t\000r\000a\000p}{section.3}% 56
\BOOKMARK [2][-]{subsection.3.4}{\376\377\000N\000u\000o\000v\000o\000\040\000F\000l\000e\000x\000b\000o\000x\000\040\000g\000r\000i\000d\000\040\000s\000y\000s\000t\000e\000m}{section.3}% 57
\BOOKMARK [2][-]{subsection.3.5}{\376\377\000C\000l\000a\000s\000s\000i\000\040\000d\000i\000\040\000g\000r\000i\000g\000l\000i\000a}{section.3}% 58
\BOOKMARK [3][-]{subsubsection.3.5.1}{\376\377\000S\000t\000r\000u\000t\000t\000u\000r\000a\000\040\000d\000i\000\040\000b\000a\000s\000e\000\040\000d\000i\000\040\000u\000n\000a\000\040\000g\000r\000i\000g\000l\000i\000a\000\040\000B\000o\000o\000t\000s\000t\000r\000a\000p}{subsection.3.5}% 59
\BOOKMARK [2][-]{subsection.3.6}{\376\377\000T\000a\000b\000e\000l\000l\000e\000\040\000B\000o\000o\000t\000s\000t\000r\000a\000p}{section.3}% 60
\BOOKMARK [2][-]{subsection.3.7}{\376\377\000I\000m\000m\000a\000g\000i\000n\000i\000\040\000B\000o\000o\000t\000s\000t\000r\000a\000p}{section.3}% 61
\BOOKMARK [2][-]{subsection.3.8}{\376\377\000B\000o\000t\000t\000o\000n\000i\000\040\000B\000o\000o\000t\000s\000t\000r\000a\000p}{section.3}% 62
\BOOKMARK [3][-]{subsubsection.3.8.1}{\376\377\000E\000l\000e\000m\000e\000n\000t\000i\000\040\000d\000e\000l\000\040\000p\000u\000l\000s\000a\000n\000t\000e\000\040\000B\000o\000o\000t\000s\000t\000r\000a\000p}{subsection.3.8}% 63
\BOOKMARK [3][-]{subsubsection.3.8.2}{\376\377\000D\000i\000m\000e\000n\000s\000i\000o\000n\000i\000\040\000d\000e\000i\000\040\000p\000u\000l\000s\000a\000n\000t\000i}{subsection.3.8}% 64
\BOOKMARK [3][-]{subsubsection.3.8.3}{\376\377\000P\000u\000l\000s\000a\000n\000t\000i\000\040\000a\000\040\000l\000i\000v\000e\000l\000l\000o\000\040\000d\000i\000\040\000b\000l\000o\000c\000c\000o}{subsection.3.8}% 65
\BOOKMARK [3][-]{subsubsection.3.8.4}{\376\377\000P\000u\000l\000s\000a\000n\000t\000i\000\040\000a\000t\000t\000i\000v\000i\000/\000d\000i\000s\000a\000b\000i\000l\000i\000t\000a\000t\000i}{subsection.3.8}% 66
\BOOKMARK [2][-]{subsection.3.9}{\376\377\000P\000e\000r\000s\000o\000n\000a\000l\000i\000z\000z\000a\000z\000i\000o\000n\000e}{section.3}% 67
\BOOKMARK [2][-]{subsection.3.10}{\376\377\000C\000a\000r\000d\000s}{section.3}% 68
\BOOKMARK [2][-]{subsection.3.11}{\376\377\000N\000u\000o\000v\000i\000\040\000h\000e\000l\000p\000e\000r\000s}{section.3}% 69
\BOOKMARK [2][-]{subsection.3.12}{\376\377\000I\000n\000t\000r\000o\000d\000u\000z\000i\000o\000n\000e\000\040\000a\000\040\000S\000A\000S\000S}{section.3}% 70
\BOOKMARK [3][-]{subsubsection.3.12.1}{\376\377\000C\000o\000m\000e\000\040\000f\000u\000n\000z\000i\000o\000n\000a}{subsection.3.12}% 71
\BOOKMARK [3][-]{subsubsection.3.12.2}{\376\377\000C\000a\000r\000a\000t\000t\000e\000r\000i\000s\000t\000i\000c\000h\000e\000\040\000d\000i\000\040\000S\000a\000s\000s}{subsection.3.12}% 72
\BOOKMARK [3][-]{subsubsection.3.12.3}{\376\377\000N\000e\000s\000t\000i\000n\000g}{subsection.3.12}% 73
\BOOKMARK [3][-]{subsubsection.3.12.4}{\376\377\000V\000a\000r\000i\000a\000b\000i\000l\000i}{subsection.3.12}% 74
\BOOKMARK [2][-]{subsection.3.13}{\376\377\000A\000p\000p\000u\000n\000t\000i\000\040\000u\000t\000i\000l\000i}{section.3}% 75
\BOOKMARK [1][-]{section.4}{\376\377\000J\000a\000v\000a\000S\000c\000r\000i\000p\000t}{}% 76
\BOOKMARK [2][-]{subsection.4.1}{\376\377\000I\000n\000t\000r\000o\000d\000u\000z\000i\000o\000n\000e}{section.4}% 77
\BOOKMARK [3][-]{subsubsection.4.1.1}{\376\377\000A\000p\000p\000l\000i\000c\000a\000z\000i\000o\000n\000i\000\040\000W\000e\000b}{subsection.4.1}% 78
\BOOKMARK [3][-]{subsubsection.4.1.2}{\376\377\000A\000p\000p\000l\000i\000c\000a\000z\000i\000o\000n\000i\000\040\000w\000e\000b\000:\000\040\000l\000i\000n\000g\000u\000a\000g\000g\000i}{subsection.4.1}% 79
\BOOKMARK [3][-]{subsubsection.4.1.3}{\376\377\000A\000p\000p\000l\000i\000c\000a\000z\000i\000o\000n\000i\000\040\000w\000e\000b\000:\000\040\000l\000i\000n\000g\000u\000a\000g\000g\000i\000\040\000d\000i\000\040\000p\000r\000o\000g\000r\000a\000m\000m\000a\000z\000i\000o\000n\000e\000\040\000e\000\040\000s\000c\000r\000i\000p\000t\000i\000n\000g}{subsection.4.1}% 80
\BOOKMARK [3][-]{subsubsection.4.1.4}{\376\377\000A\000p\000p\000l\000i\000c\000a\000z\000i\000o\000n\000i\000\040\000W\000e\000b}{subsection.4.1}% 81
\BOOKMARK [3][-]{subsubsection.4.1.5}{\376\377\000A\000r\000c\000h\000i\000t\000e\000t\000t\000u\000r\000a\000\040\000s\000e\000r\000v\000e\000r\000-\000s\000i\000d\000e}{subsection.4.1}% 82
\BOOKMARK [3][-]{subsubsection.4.1.6}{\376\377\000A\000r\000c\000h\000i\000t\000e\000t\000t\000u\000r\000a\000\040\000c\000l\000i\000e\000n\000t\000-\000s\000i\000d\000e}{subsection.4.1}% 83
\BOOKMARK [3][-]{subsubsection.4.1.7}{\376\377\000A\000J\000A\000X}{subsection.4.1}% 84
\BOOKMARK [2][-]{subsection.4.2}{\376\377\000J\000a\000v\000a\000S\000c\000r\000i\000p\000t}{section.4}% 85
\BOOKMARK [2][-]{subsection.4.3}{\376\377\000T\000i\000p\000i}{section.4}% 86
\BOOKMARK [2][-]{subsection.4.4}{\376\377\000V\000a\000r\000i\000a\000b\000i\000l\000i\000\040\000e\000\040\000i\000s\000t\000r\000u\000z\000i\000o\000n\000i}{section.4}% 87
\BOOKMARK [2][-]{subsection.4.5}{\376\377\000V\000a\000r\000i\000a\000b\000i\000l\000i}{section.4}% 88
\BOOKMARK [2][-]{subsection.4.6}{\376\377\000T\000i\000p\000o\000\040\000d\000i\000n\000a\000m\000i\000c\000o}{section.4}% 89
\BOOKMARK [2][-]{subsection.4.7}{\376\377\000I\000s\000t\000r\000u\000z\000i\000o\000n\000i}{section.4}% 90
\BOOKMARK [2][-]{subsection.4.8}{\376\377\000C\000o\000s\000t\000a\000n\000t\000i\000\040\000e\000\040\000c\000o\000m\000m\000e\000n\000t\000i}{section.4}% 91
\BOOKMARK [2][-]{subsection.4.9}{\376\377\000O\000p\000e\000r\000a\000t\000o\000r\000i}{section.4}% 92
\BOOKMARK [2][-]{subsection.4.10}{\376\377\000S\000p\000e\000c\000i\000f\000i\000c\000a\000\040\000d\000e\000l\000l\000o\000\040\000s\000c\000r\000i\000p\000t}{section.4}% 93
\BOOKMARK [2][-]{subsection.4.11}{\376\377\000C\000o\000s\000t\000r\000u\000t\000t\000o\000\040\000I\000f\000-\000E\000l\000s\000e}{section.4}% 94
\BOOKMARK [2][-]{subsection.4.12}{\376\377\000L\000i\000s\000t\000e}{section.4}% 95
\BOOKMARK [2][-]{subsection.4.13}{\376\377\000A\000r\000r\000a\000y}{section.4}% 96
\BOOKMARK [2][-]{subsection.4.14}{\376\377\000C\000i\000c\000l\000i}{section.4}% 97
\BOOKMARK [3][-]{subsubsection.4.14.1}{\376\377\000C\000i\000c\000l\000o\000\040\000f\000o\000r}{subsection.4.14}% 98
\BOOKMARK [3][-]{subsubsection.4.14.2}{\376\377\000C\000i\000c\000l\000o\000\040\000w\000h\000i\000l\000e}{subsection.4.14}% 99
\BOOKMARK [2][-]{subsection.4.15}{\376\377\000D\000o\000c\000u\000m\000e\000n\000t\000\040\000O\000b\000j\000e\000c\000t\000\040\000M\000o\000d\000e\000l\000\040\000\050\000D\000O\000M\000\051}{section.4}% 100
\BOOKMARK [3][-]{subsubsection.4.15.1}{\376\377\000H\000T\000M\000L\000\040\000D\000O\000M}{subsection.4.15}% 101
\BOOKMARK [2][-]{subsection.4.16}{\376\377\000O\000g\000g\000e\000t\000t\000i\000\040\000\050\000D\000O\000M\000\051}{section.4}% 102
\BOOKMARK [3][-]{subsubsection.4.16.1}{\376\377\000O\000g\000g\000e\000t\000t\000i\000\040\000\050\000D\000O\000M\000\051\000:\000\040\000L\000i\000s\000t\000e\000\040\000d\000i\000\040\000o\000g\000g\000e\000t\000t\000i}{subsection.4.16}% 103
\BOOKMARK [3][-]{subsubsection.4.16.2}{\376\377\000O\000g\000g\000e\000t\000t\000i\000\040\000\050\000D\000O\000M\000\051\000:\000\040\000W\000i\000n\000d\000o\000w}{subsection.4.16}% 104
\BOOKMARK [2][-]{subsection.4.17}{\376\377\000W\000i\000n\000d\000o\000w\000:\000\040\000c\000o\000m\000p\000o\000n\000e\000n\000t\000i\000\040\000p\000r\000i\000n\000c\000i\000p\000a\000l\000e\000\040\000\050\000e\000s\000t\000e\000s\000i\000\051}{section.4}% 105
\BOOKMARK [2][-]{subsection.4.18}{\376\377\000W\000I\000n\000d\000o\000w}{section.4}% 106
\BOOKMARK [2][-]{subsection.4.19}{\376\377\000D\000o\000c\000u\000m\000e\000n\000t}{section.4}% 107
\BOOKMARK [2][-]{subsection.4.20}{\376\377\000O\000g\000g\000e\000t\000t\000i\000:\000\040\000p\000r\000o\000p\000r\000i\000e\000t\000\340\000\040\000e\000\040\000f\000u\000n\000z\000i\000o\000n\000i}{section.4}% 108
\BOOKMARK [2][-]{subsection.4.21}{\376\377\000A\000c\000c\000e\000s\000s\000o\000\040\000a\000g\000l\000i\000\040\000o\000g\000g\000e\000t\000t\000i\000\040\000n\000e\000l\000l\000a\000\040\000p\000a\000g\000i\000n\000a}{section.4}% 109
\BOOKMARK [2][-]{subsection.4.22}{\376\377\000E\000v\000e\000n\000t\000i}{section.4}% 110
\BOOKMARK [2][-]{subsection.4.23}{\376\377\000G\000e\000s\000t\000i\000o\000n\000e\000\040\000e\000v\000e\000n\000t\000i}{section.4}% 111
\BOOKMARK [3][-]{subsubsection.4.23.1}{\376\377\000E\000v\000e\000n\000t\000i\000\040\000\050\000f\000o\000r\000m\000\051}{subsection.4.23}% 112
\BOOKMARK [3][-]{subsubsection.4.23.2}{\376\377\000E\000v\000e\000n\000t\000i\000\040\000\050\000o\000n\000L\000o\000a\000d\000\051}{subsection.4.23}% 113
\BOOKMARK [3][-]{subsubsection.4.23.3}{\376\377\000E\000v\000e\000n\000t\000i\000\040\000\050\000o\000n\000M\000o\000u\000s\000e\000O\000v\000e\000r\000\051}{subsection.4.23}% 114
\BOOKMARK [2][-]{subsection.4.24}{\376\377\000G\000e\000s\000t\000i\000o\000n\000e\000\040\000f\000i\000n\000e\000s\000t\000r\000e\000\040\000\050\000o\000p\000e\000n\000\051}{section.4}% 115
\BOOKMARK [2][-]{subsection.4.25}{\376\377\000F\000u\000n\000z\000i\000o\000n\000i\000\040\000c\000o\000m\000e\000\040\000l\000i\000n\000k}{section.4}% 116
\BOOKMARK [2][-]{subsection.4.26}{\376\377\000A\000c\000c\000e\000s\000s\000o\000\040\000a\000g\000l\000i\000\040\000o\000g\000g\000e\000t\000t\000i\000\040\000d\000i\000\040\000u\000n\000a\000\040\000p\000a\000g\000i\000n\000a\000\040\000t\000r\000a\000m\000i\000t\000e\000\040\000n\000o\000d\000i}{section.4}% 117
\BOOKMARK [3][-]{subsubsection.4.26.1}{\376\377\000R\000e\000l\000a\000z\000i\000o\000n\000e\000\040\000t\000r\000a\000\040\000n\000o\000d\000i}{subsection.4.26}% 118
\BOOKMARK [3][-]{subsubsection.4.26.2}{\376\377\000A\000g\000g\000i\000u\000n\000t\000a\000\040\000e\000l\000e\000m\000e\000n\000t\000i}{subsection.4.26}% 119
\BOOKMARK [3][-]{subsubsection.4.26.3}{\376\377\000R\000i\000m\000o\000z\000i\000o\000n\000e\000\040\000d\000e\000g\000l\000i\000\040\000e\000l\000e\000m\000e\000n\000t\000i}{subsection.4.26}% 120
\BOOKMARK [3][-]{subsubsection.4.26.4}{\376\377\000S\000o\000s\000t\000i\000t\000u\000z\000i\000o\000n\000e\000\040\000e\000l\000e\000e\000m\000t\000n\000i}{subsection.4.26}% 121
\BOOKMARK [3][-]{subsubsection.4.26.5}{\376\377\000C\000o\000l\000l\000e\000z\000i\000o\000n\000e\000\040\000d\000i\000\040\000n\000o\000d\000i}{subsection.4.26}% 122
\BOOKMARK [3][-]{subsubsection.4.26.6}{\376\377\000M\000e\000t\000o\000d\000o\000\040\000g\000e\000t\000E\000l\000e\000m\000e\000n\000t\000s\000B\000y\000C\000l\000a\000s\000s\000N\000a\000m\000e}{subsection.4.26}% 123
\BOOKMARK [2][-]{subsection.4.27}{\376\377\000F\000u\000n\000z\000i\000o\000n\000i}{section.4}% 124
\BOOKMARK [3][-]{subsubsection.4.27.1}{\376\377\000I\000n\000t\000r\000o\000d\000u\000z\000i\000o\000n\000e}{subsection.4.27}% 125
\BOOKMARK [3][-]{subsubsection.4.27.2}{\376\377\000D\000e\000f\000i\000n\000i\000z\000i\000o\000e\000n\000\040\000d\000i\000\040\000f\000u\000n\000z\000i\000o\000n\000i}{subsection.4.27}% 126
\BOOKMARK [3][-]{subsubsection.4.27.3}{\376\377\000C\000h\000i\000a\000m\000a\000t\000a\000\040\000a\000\040\000f\000u\000n\000z\000i\000o\000n\000e}{subsection.4.27}% 127
\BOOKMARK [3][-]{subsubsection.4.27.4}{\376\377\000P\000a\000r\000a\000m\000e\000t\000r\000i\000\040\000d\000i\000\040\000f\000u\000n\000z\000i\000o\000n\000e}{subsection.4.27}% 128
\BOOKMARK [2][-]{subsection.4.28}{\376\377\000V\000a\000r\000i\000a\000b\000i\000l\000i\000:\000\040\000t\000i\000p\000i\000\040\000d\000i\000\040\000d\000i\000c\000h\000i\000a\000r\000a\000z\000i\000o\000n\000e}{section.4}% 129
\BOOKMARK [3][-]{subsubsection.4.28.1}{\376\377\000V\000a\000r\000i\000a\000b\000i\000l\000i\000:\000\040\000d\000i\000c\000h\000i\000a\000r\000a\000z\000i\000o\000n\000e\000\040\000e\000s\000p\000l\000i\000c\000i\000t\000a}{subsection.4.28}% 130
\BOOKMARK [3][-]{subsubsection.4.28.2}{\376\377\000V\000a\000r\000i\000a\000b\000i\000l\000i\000:\000\040\000e\000n\000v\000i\000r\000o\000n\000m\000e\000n\000t\000\040\000d\000i\000\040\000r\000i\000f\000e\000r\000i\000m\000e\000n\000t\000o}{subsection.4.28}% 131
\BOOKMARK [2][-]{subsection.4.29}{\376\377\000F\000u\000n\000z\000i\000o\000n\000i\000\040\000e\000\040\000c\000h\000i\000u\000s\000u\000r\000e}{section.4}% 132
\BOOKMARK [3][-]{subsubsection.4.29.1}{\376\377\000F\000u\000n\000z\000i\000o\000n\000i\000\040\000c\000o\000m\000e\000\040\000d\000a\000t\000i}{subsection.4.29}% 133
\BOOKMARK [2][-]{subsection.4.30}{\376\377\000O\000g\000g\000e\000t\000t\000i}{section.4}% 134
\BOOKMARK [3][-]{subsubsection.4.30.1}{\376\377\000D\000e\000f\000i\000n\000i\000z\000i\000o\000n\000e}{subsection.4.30}% 135
\BOOKMARK [3][-]{subsubsection.4.30.2}{\376\377\000C\000o\000s\000t\000r\000u\000z\000i\000o\000n\000e}{subsection.4.30}% 136
\BOOKMARK [3][-]{subsubsection.4.30.3}{\376\377\000A\000c\000c\000e\000s\000s\000o\000\040\000a\000l\000l\000e\000\040\000p\000r\000o\000p\000r\000i\000e\000t\000\340}{subsection.4.30}% 137
\BOOKMARK [3][-]{subsubsection.4.30.4}{\376\377\000A\000g\000g\000i\000u\000n\000t\000a\000\040\000e\000\040\000r\000i\000m\000o\000z\000i\000o\000n\000e\000\040\000d\000i\000\040\000p\000r\000o\000p\000r\000i\000e\000t\000\340}{subsection.4.30}% 138
\BOOKMARK [3][-]{subsubsection.4.30.5}{\376\377\000M\000e\000t\000o\000d\000i\000\040\000p\000e\000r\000\040\000\050\000s\000i\000n\000g\000o\000l\000i\000\051\000\040\000o\000g\000g\000e\000t\000t\000i}{subsection.4.30}% 139
\BOOKMARK [3][-]{subsubsection.4.30.6}{\376\377\000M\000e\000t\000o\000d\000i\000\040\000p\000e\000r\000\040\000u\000n\000a\000\040\000"\000c\000l\000a\000s\000s\000e\000"\000\040\000d\000i\000\040\000o\000g\000g\000e\000t\000t\000i}{subsection.4.30}% 140
\BOOKMARK [3][-]{subsubsection.4.30.7}{\376\377\000M\000e\000t\000o\000d\000i\000:\000\040\000i\000n\000v\000o\000c\000a\000z\000i\000o\000n\000e}{subsection.4.30}% 141
\BOOKMARK [2][-]{subsection.4.31}{\376\377\000O\000g\000g\000e\000t\000t\000i\000\040\000F\000u\000n\000c\000t\000i\000o\000n}{section.4}% 142
\BOOKMARK [3][-]{subsubsection.4.31.1}{\376\377\000D\000e\000f\000i\000n\000i\000z\000i\000o\000n\000e\000\040\000i\000m\000p\000l\000i\000c\000i\000t\000a}{subsection.4.31}% 143
\BOOKMARK [3][-]{subsubsection.4.31.2}{\376\377\000D\000e\000f\000i\000n\000i\000z\000i\000o\000n\000e\000\040\000e\000s\000p\000l\000i\000c\000i\000t\000a}{subsection.4.31}% 144
\BOOKMARK [2][-]{subsection.4.32}{\376\377\000F\000u\000n\000z\000i\000o\000n\000i\000\040\000c\000o\000m\000e\000\040\000d\000a\000t\000i\000:\000\040\000E\000s\000e\000m\000p\000i\000o}{section.4}% 145
\BOOKMARK [3][-]{subsubsection.4.32.1}{\376\377\000F\000u\000n\000z\000i\000o\000n\000i\000\040\000c\000o\000m\000e\000\040\000d\000a\000t\000i\000:\000\040\000p\000r\000o\000b\000l\000e\000m\000a}{subsection.4.32}% 146
\BOOKMARK [2][-]{subsection.4.33}{\376\377\000O\000g\000g\000e\000t\000t\000i\000\040\000F\000u\000n\000c\000t\000i\000o\000n\000:\000\040\000p\000r\000o\000p\000r\000i\000e\000t\000\340}{section.4}% 147
\BOOKMARK [2][-]{subsection.4.34}{\376\377\000O\000g\000g\000e\000t\000t\000i\000\040\000F\000u\000n\000c\000t\000i\000o\000n\000:\000\040\000m\000e\000t\000o\000d\000i}{section.4}% 148
\BOOKMARK [2][-]{subsection.4.35}{\376\377\000F\000u\000n\000z\000i\000o\000n\000i\000\040\000c\000o\000m\000e\000\040\000d\000a\000t\000i\000\040\000-\000\040\000C\000o\000n\000s\000e\000g\000u\000e\000n\000z\000e}{section.4}% 149
\BOOKMARK [2][-]{subsection.4.36}{\376\377\000O\000g\000g\000e\000t\000t\000o\000\040\000g\000l\000o\000b\000a\000l\000e}{section.4}% 150
\BOOKMARK [2][-]{subsection.4.37}{\376\377\000[\000C\000o\000s\000t\000r\000u\000t\000t\000o\000r\000i\000\040\000d\000i\000]\000\040\000O\000g\000g\000e\000t\000t\000i\000\040\000p\000r\000e\000d\000e\000f\000i\000n\000i\000t\000i}{section.4}% 151
\BOOKMARK [2][-]{subsection.4.38}{\376\377\000D\000a\000t\000e}{section.4}% 152
\BOOKMARK [3][-]{subsubsection.4.38.1}{\376\377\000C\000o\000s\000t\000r\000u\000z\000i\000o\000n\000e}{subsection.4.38}% 153
\BOOKMARK [3][-]{subsubsection.4.38.2}{\376\377\000M\000e\000t\000o\000d\000i}{subsection.4.38}% 154
\BOOKMARK [2][-]{subsection.4.39}{\376\377\000O\000g\000g\000e\000t\000t\000o\000\040\000g\000l\000o\000b\000a\000l\000e}{section.4}% 155
